2019-12-18T20:26:15+00:00 DEBUG 
====Stripe Version: 4.3.1====
====Start Log====
Domain association file updated.
====End Log====


2019-12-18T20:26:15+00:00 DEBUG 
====Stripe Version: 4.3.1====
====Start Log====
Error: Unable to verify domain - missing secret key.
====End Log====


2019-12-18T20:30:47+00:00 DEBUG 
====Stripe Version: 4.3.1====
====Start Log====
Error: Unable to verify domain - missing secret key.
====End Log====


2019-12-18T20:31:09+00:00 DEBUG 
====Stripe Version: 4.3.1====
====Start Log====
Error: Unable to verify domain - missing secret key.
====End Log====


